<?xml version="1.0" encoding="UTF-8"?>
<!-- Generated by org.testng.reporters.JUnitXMLReporter -->
<testsuite ignored="1" hostname="Admin-PC" failures="0" tests="1" name="Default test" time="10.948" errors="0" timestamp="2023-07-06T19:59:00 GMT+07:00">
  <testcase classname="automation.testsuite.LoginTest" name="loginFail_IncorrectPass" time="3.025"/>
  <testcase classname="automation.testsuite.LoginTest" name="loginSuccessfully" time="0.0">
    <ignored/>
  </testcase> <!-- loginSuccessfully -->
</testsuite> <!-- Default test -->
