<?xml version="1.0" encoding="UTF-8"?>
<testng-results ignored="1" total="2" passed="1" failed="0" skipped="0">
  <reporter-output>
  </reporter-output>
  <suite started-at="2023-07-06T19:58:49 GMT+07:00" name="Default suite" finished-at="2023-07-06T19:59:00 GMT+07:00" duration-ms="10948">
    <groups>
    </groups>
    <test started-at="2023-07-06T19:58:49 GMT+07:00" name="Default test" finished-at="2023-07-06T19:59:00 GMT+07:00" duration-ms="10948">
      <class name="automation.testsuite.LoginTest">
        <test-method is-config="true" signature="openChromeDriver()[pri:0, instance:automation.testsuite.LoginTest@353352b6]" started-at="2023-07-06T19:58:49 GMT+07:00" name="openChromeDriver" finished-at="2023-07-06T19:58:57 GMT+07:00" duration-ms="7487" status="PASS">
          <reporter-output>
          </reporter-output>
        </test-method> <!-- openChromeDriver -->
        <test-method signature="loginFail_IncorrectPass()[pri:0, instance:automation.testsuite.LoginTest@353352b6]" started-at="2023-07-06T19:58:57 GMT+07:00" name="loginFail_IncorrectPass" finished-at="2023-07-06T19:59:00 GMT+07:00" duration-ms="3025" status="PASS">
          <reporter-output>
          </reporter-output>
        </test-method> <!-- loginFail_IncorrectPass -->
        <test-method is-config="true" signature="closeChromeBrowser()[pri:0, instance:automation.testsuite.LoginTest@353352b6]" started-at="2023-07-06T19:59:00 GMT+07:00" name="closeChromeBrowser" finished-at="2023-07-06T19:59:00 GMT+07:00" duration-ms="331" status="PASS">
          <reporter-output>
          </reporter-output>
        </test-method> <!-- closeChromeBrowser -->
      </class> <!-- automation.testsuite.LoginTest -->
    </test> <!-- Default test -->
  </suite> <!-- Default suite -->
</testng-results>
